<?xml version="1.0" encoding="UTF-8"?>
<testng-results ignored="0" total="2" passed="2" failed="0" skipped="0">
  <reporter-output>
  </reporter-output>
  <suite started-at="2023-06-22T10:21:34 GMT-05:00" name="Default suite" finished-at="2023-06-22T10:21:42 GMT-05:00" duration-ms="8126">
    <groups>
    </groups>
    <test started-at="2023-06-22T10:21:34 GMT-05:00" name="Default test" finished-at="2023-06-22T10:21:42 GMT-05:00" duration-ms="8126">
      <class name="com.qa.practice.datadriven.dataDrivenTest">
        <test-method is-config="true" signature="setup()[pri:0, instance:com.qa.practice.datadriven.dataDrivenTest@6892b3b6]" started-at="2023-06-22T10:21:34 GMT-05:00" name="setup" finished-at="2023-06-22T10:21:38 GMT-05:00" duration-ms="4202" status="PASS">
          <reporter-output>
          </reporter-output>
        </test-method> <!-- setup -->
        <test-method signature="login(java.lang.String)[pri:0, instance:com.qa.practice.datadriven.dataDrivenTest@6892b3b6]" started-at="2023-06-22T10:21:38 GMT-05:00" name="login" data-provider="dp" finished-at="2023-06-22T10:21:40 GMT-05:00" duration-ms="1991" status="PASS">
          <params>
            <param index="0">
              <value>
                <![CDATA[rekha@aa.com,abcd@123]]>
              </value>
            </param>
          </params>
          <reporter-output>
          </reporter-output>
        </test-method> <!-- login -->
        <test-method signature="login(java.lang.String)[pri:0, instance:com.qa.practice.datadriven.dataDrivenTest@6892b3b6]" started-at="2023-06-22T10:21:40 GMT-05:00" name="login" data-provider="dp" finished-at="2023-06-22T10:21:42 GMT-05:00" duration-ms="1578" status="PASS">
          <params>
            <param index="0">
              <value>
                <![CDATA[rea@aa.com,abcd@123]]>
              </value>
            </param>
          </params>
          <reporter-output>
          </reporter-output>
        </test-method> <!-- login -->
        <test-method is-config="true" signature="tearDown()[pri:0, instance:com.qa.practice.datadriven.dataDrivenTest@6892b3b6]" started-at="2023-06-22T10:21:42 GMT-05:00" name="tearDown" finished-at="2023-06-22T10:21:42 GMT-05:00" duration-ms="249" status="PASS">
          <reporter-output>
          </reporter-output>
        </test-method> <!-- tearDown -->
      </class> <!-- com.qa.practice.datadriven.dataDrivenTest -->
    </test> <!-- Default test -->
  </suite> <!-- Default suite -->
</testng-results>
